2026-07-22 23:38:32,529 | INFO    | 08_explain_gradcam:56 | ==============================================================================
2026-07-22 23:38:32,529 | INFO    | 08_explain_gradcam:57 |   PHASE 08_explain_gradcam: Grad-CAM explanations and saliency sanity checks  
2026-07-22 23:38:32,529 | INFO    | 08_explain_gradcam:58 | ==============================================================================
2026-07-22 23:38:32,529 | INFO    | 08_explain_gradcam:78 | Experiment : baseline_full
2026-07-22 23:38:32,530 | INFO    | 08_explain_gradcam:79 | Config     : /workspace/apr-heart-sounds/configs/config.yaml  (hash bfdef2da)
2026-07-22 23:38:32,667 | INFO    | 08_explain_gradcam:82 | Seed       : 42 (torch=True, cuda=True)
2026-07-22 23:38:32,667 | INFO    | 08_explain_gradcam:86 | Shapes     : {'segment_samples': 6000, 'n_frames': 188, 'mfcc_dim': 234, 'logmel_shape': [32, 188], 'pwp_n_bands': 12, 'pwp_dim': 84, 'fft_bin_width_hz': 7.8125, 'usable_fft_bins_in_band': 49, 'wp_subband_width_hz': 15.625}
2026-07-22 23:38:33,859 | INFO    | 08_explain_gradcam:76 | Loaded CNN from /workspace/apr-heart-sounds/models/cnn/cnn_logmel.pt (best epoch 8)
2026-07-22 23:38:33,860 | INFO    | 08_explain_gradcam:78 | Grad-CAM feature map: (128, 2, 11) -> upsampled to the log-Mel grid
2026-07-22 23:38:34,511 | INFO    | 08_explain_gradcam:83 | Segment-level test accuracy: 0.8783
2026-07-22 23:38:34,743 | INFO    | 08_explain_gradcam:93 | Computing Grad-CAM for the test set ...
2026-07-22 23:38:35,876 | INFO    | 08_explain_gradcam:100 | Grad-CAM maps: (3362, 32, 188)
2026-07-22 23:38:35,877 | INFO    | 08_explain_gradcam:103 | Computing Grad-CAM++ as a robustness check ...
2026-07-22 23:38:36,166 | INFO    | 08_explain_gradcam:115 | Grad-CAM vs Grad-CAM++ agreement: r=0.392
2026-07-22 23:38:36,244 | INFO    | 08_explain_gradcam:123 |   true_positive: n=810
2026-07-22 23:38:36,245 | INFO    | 08_explain_gradcam:123 |   true_negative: n=2143
2026-07-22 23:38:36,245 | INFO    | 08_explain_gradcam:123 |   false_positive: n=368
2026-07-22 23:38:36,245 | INFO    | 08_explain_gradcam:123 |   false_negative: n=41
2026-07-22 23:38:37,439 | INFO    | 08_explain_gradcam:138 |   true_positive: frequency centroid 219 Hz, temporal concentration 0.003
2026-07-22 23:38:37,440 | INFO    | 08_explain_gradcam:138 |   true_negative: frequency centroid 178 Hz, temporal concentration 0.003
2026-07-22 23:38:37,440 | INFO    | 08_explain_gradcam:144 | Running the Adebayo model-randomisation sanity check ...
2026-07-22 23:38:37,619 | INFO    | 08_explain_gradcam:149 |   correlation with randomly re-initialised model: 0.051
2026-07-22 23:38:37,619 | INFO    | 08_explain_gradcam:151 |   Low correlation: Grad-CAM maps depend on learned weights, as required.
2026-07-22 23:38:37,620 | INFO    | 08_explain_gradcam:167 | Checking sensitivity to the choice of target layer ...
2026-07-22 23:38:37,823 | INFO    | 08_explain_gradcam:171 |   conv_block_1: temporal concentration 0.042, correlation with last layer None
2026-07-22 23:38:37,823 | INFO    | 08_explain_gradcam:171 |   conv_block_2: temporal concentration 0.023, correlation with last layer 0.5456245647323484
2026-07-22 23:38:37,823 | INFO    | 08_explain_gradcam:171 |   conv_block_3: temporal concentration 0.135, correlation with last layer 0.129653054336398
2026-07-22 23:38:37,823 | INFO    | 08_explain_gradcam:171 |   conv_block_4: temporal concentration 0.074, correlation with last layer 0.01773902102829803
2026-07-22 23:38:37,824 | INFO    | 08_explain_gradcam:178 | Checking whether attribution merely tracks signal energy ...
2026-07-22 23:38:38,697 | INFO    | 08_explain_gradcam:182 |   mean correlation with the RMS envelope: 0.068
2026-07-22 23:38:38,697 | INFO    | 08_explain_gradcam:184 |   Attribution is largely independent of raw energy, supporting a phase-specific rather than loudness-driven interpretation.
2026-07-22 23:38:46,251 | INFO    | 08_explain_gradcam:233 | Summary written to /workspace/apr-heart-sounds/reports/phase_08_explain_gradcam/summary.md
