2026-07-22 03:50:39,987 | INFO    | 11_build_report_assets:56 | ==============================================================================
2026-07-22 03:50:39,987 | INFO    | 11_build_report_assets:57 |       PHASE 11_build_report_assets: Build report assets and LaTeX tables      
2026-07-22 03:50:39,988 | INFO    | 11_build_report_assets:58 | ==============================================================================
2026-07-22 03:50:39,988 | INFO    | 11_build_report_assets:78 | Experiment : baseline_full
2026-07-22 03:50:39,988 | INFO    | 11_build_report_assets:79 | Config     : /workspace/apr-heart-sounds/configs/config.yaml  (hash bfdef2da)
2026-07-22 03:50:41,521 | INFO    | 11_build_report_assets:82 | Seed       : 42 (torch=True, cuda=True)
2026-07-22 03:50:41,522 | INFO    | 11_build_report_assets:86 | Shapes     : {'segment_samples': 6000, 'n_frames': 188, 'mfcc_dim': 234, 'logmel_shape': [32, 188], 'pwp_n_bands': 12, 'pwp_dim': 84, 'fft_bin_width_hz': 7.8125, 'usable_fft_bins_in_band': 49, 'wp_subband_width_hz': 15.625}
2026-07-22 03:50:41,604 | INFO    | 11_build_report_assets:102 | Collected 10 phase summaries
2026-07-22 03:50:41,619 | INFO    | 11_build_report_assets:108 | Dashboard written to /workspace/apr-heart-sounds/reports/PIPELINE_STATUS.md
2026-07-22 03:50:41,619 | INFO    | 11_build_report_assets:113 | Phases that read the test split: ['01_preprocess_audio', '02_extract_features', '06_evaluate_models', '07_explain_shap', '08_explain_gradcam', '09_cycle_alignment']
2026-07-22 03:50:41,750 | INFO    | 11_build_report_assets:302 | Generated 7 LaTeX tables in /workspace/apr-heart-sounds/paper/tables
2026-07-22 03:50:44,116 | INFO    | 11_build_report_assets:317 | Copied 77 figure files into /workspace/apr-heart-sounds/paper/figs
2026-07-22 03:50:44,116 | INFO    | 11_build_report_assets:324 | 
2026-07-22 03:50:44,116 | INFO    | 11_build_report_assets:325 | Claim roll-up:
2026-07-22 03:50:44,116 | INFO    | 11_build_report_assets:327 |   C1: contradicted   — The Normal/Abnormal distinction is recoverable by unsupervised clustering of the feature spaces.
2026-07-22 03:50:44,117 | INFO    | 11_build_report_assets:327 |   C2: supported      — The log-Mel CNN outperforms the best classical feature/model pairing.
2026-07-22 03:50:44,117 | INFO    | 11_build_report_assets:327 |   C3: supported      — All models substantially exceed the majority-class baseline on MAcc.
2026-07-22 03:50:44,117 | INFO    | 11_build_report_assets:327 |   C4: weak           — Models trained on different feature domains attribute importance to the same frequency region.
2026-07-22 03:50:44,117 | INFO    | 11_build_report_assets:327 |   C5: contradicted   — CNN attribution concentrates in systole beyond what uniform temporal attention would produce.
2026-07-22 03:50:46,397 | INFO    | 11_build_report_assets:342 | Summary written to /workspace/apr-heart-sounds/reports/phase_11_build_report_assets/summary.md
2026-07-22 03:50:46,397 | INFO    | 11_build_report_assets:343 | Dashboard: /workspace/apr-heart-sounds/reports/PIPELINE_STATUS.md
